<?xml version="1.0" encoding="UTF-8"?>
<testsuite xmlns:xsi="http://www.w3.org/2001/XMLSchema-instance" xsi:noNamespaceSchemaLocation="https://maven.apache.org/surefire/maven-surefire-plugin/xsd/surefire-test-report.xsd" version="3.0.2" name="com.example.bankcards.service.TransactionServiceTest" time="0.199" tests="8" errors="0" skipped="0" failures="0">
  <properties>
[...]
</properties>
  <testcase name="deposit_shouldThrowException_whenAmountIsZeroOrNegative" classname="com.example.bankcards.service.TransactionServiceTest" time="0.128">
    <system-out><![CDATA[17:08:22.252 [main] INFO com.example.bankcards.service.impl.TransactionServiceImpl -- Attempting deposit of 0 to card 0a05885c-2386-4e21-af1a-eb5f473249e3 by user fd84e264-29aa-4481-9d39-f29f660d827a
17:08:22.253 [main] INFO com.example.bankcards.service.impl.TransactionServiceImpl -- Validating access to card 0a05885c-2386-4e21-af1a-eb5f473249e3 for user fd84e264-29aa-4481-9d39-f29f660d827a
17:08:22.254 [main] WARN com.example.bankcards.service.impl.TransactionServiceImpl -- Invalid deposit amount 0 for card 0a05885c-2386-4e21-af1a-eb5f473249e3
]]></system-out>
  </testcase>
  <testcase name="getAllTransactions_shouldApplyUserFilter_ifNotAdmin" classname="com.example.bankcards.service.TransactionServiceTest" time="0.027">
    <system-out><![CDATA[17:08:22.271 [main] INFO com.example.bankcards.service.impl.TransactionServiceImpl -- User fd84e264-29aa-4481-9d39-f29f660d827a is not ADMIN. Filtering transactions by userId
]]></system-out>
  </testcase>
  <testcase name="transfer_shouldThrowException_whenSameCardIds" classname="com.example.bankcards.service.TransactionServiceTest" time="0.005">
    <system-out><![CDATA[17:08:22.286 [main] INFO com.example.bankcards.service.impl.TransactionServiceImpl -- Attempting transfer of 50 from card 0a05885c-2386-4e21-af1a-eb5f473249e3 to card 0a05885c-2386-4e21-af1a-eb5f473249e3 by user fd84e264-29aa-4481-9d39-f29f660d827a
17:08:22.286 [main] WARN com.example.bankcards.service.impl.TransactionServiceImpl -- Attempted transfer to the same card 0a05885c-2386-4e21-af1a-eb5f473249e3
]]></system-out>
  </testcase>
  <testcase name="withdraw_shouldSucceed_whenEnoughBalanceAndLimit" classname="com.example.bankcards.service.TransactionServiceTest" time="0.008">
    <system-out><![CDATA[17:08:22.292 [main] INFO com.example.bankcards.service.impl.TransactionServiceImpl -- Attempting withdrawal of 50 from card 0a05885c-2386-4e21-af1a-eb5f473249e3 by user fd84e264-29aa-4481-9d39-f29f660d827a
17:08:22.292 [main] INFO com.example.bankcards.service.impl.TransactionServiceImpl -- Validating access to card 0a05885c-2386-4e21-af1a-eb5f473249e3 for user fd84e264-29aa-4481-9d39-f29f660d827a
17:08:22.293 [main] INFO com.example.bankcards.service.impl.TransactionServiceImpl -- Validating limits for card 0a05885c-2386-4e21-af1a-eb5f473249e3 and amount 50
17:08:22.294 [main] INFO com.example.bankcards.service.impl.TransactionServiceImpl -- Card 0a05885c-2386-4e21-af1a-eb5f473249e3 daily spent: 0, monthly spent: 0
17:08:22.294 [main] INFO com.example.bankcards.service.impl.TransactionServiceImpl -- Saved 1 card(s) to repository
17:08:22.295 [main] INFO com.example.bankcards.service.impl.TransactionServiceImpl -- Withdrawal successful: 50 withdrawn from card 0a05885c-2386-4e21-af1a-eb5f473249e3
]]></system-out>
  </testcase>
  <testcase name="deposit_shouldSucceed_whenValidAmount" classname="com.example.bankcards.service.TransactionServiceTest" time="0.004">
    <system-out><![CDATA[17:08:22.298 [main] INFO com.example.bankcards.service.impl.TransactionServiceImpl -- Attempting deposit of 50 to card 0a05885c-2386-4e21-af1a-eb5f473249e3 by user fd84e264-29aa-4481-9d39-f29f660d827a
17:08:22.299 [main] INFO com.example.bankcards.service.impl.TransactionServiceImpl -- Validating access to card 0a05885c-2386-4e21-af1a-eb5f473249e3 for user fd84e264-29aa-4481-9d39-f29f660d827a
17:08:22.299 [main] INFO com.example.bankcards.service.impl.TransactionServiceImpl -- Validating limits for card 0a05885c-2386-4e21-af1a-eb5f473249e3 and amount 50
17:08:22.299 [main] INFO com.example.bankcards.service.impl.TransactionServiceImpl -- Card 0a05885c-2386-4e21-af1a-eb5f473249e3 daily spent: 0, monthly spent: 0
17:08:22.299 [main] INFO com.example.bankcards.service.impl.TransactionServiceImpl -- Saved 1 card(s) to repository
17:08:22.299 [main] INFO com.example.bankcards.service.impl.TransactionServiceImpl -- Deposit successful: 50 added to card 0a05885c-2386-4e21-af1a-eb5f473249e3
]]></system-out>
  </testcase>
  <testcase name="withdraw_shouldThrowException_whenNotEnoughBalance" classname="com.example.bankcards.service.TransactionServiceTest" time="0.004">
    <system-out><![CDATA[17:08:22.303 [main] INFO com.example.bankcards.service.impl.TransactionServiceImpl -- Attempting withdrawal of 50 from card 0a05885c-2386-4e21-af1a-eb5f473249e3 by user fd84e264-29aa-4481-9d39-f29f660d827a
17:08:22.303 [main] INFO com.example.bankcards.service.impl.TransactionServiceImpl -- Validating access to card 0a05885c-2386-4e21-af1a-eb5f473249e3 for user fd84e264-29aa-4481-9d39-f29f660d827a
17:08:22.303 [main] WARN com.example.bankcards.service.impl.TransactionServiceImpl -- Insufficient funds for card 0a05885c-2386-4e21-af1a-eb5f473249e3. Available: 10, Requested: 50
]]></system-out>
  </testcase>
  <testcase name="getAllTransactions_shouldNotApplyUserFilter_ifAdmin" classname="com.example.bankcards.service.TransactionServiceTest" time="0.013">
    <system-out><![CDATA[17:08:22.307 [main] INFO com.example.bankcards.service.impl.TransactionServiceImpl -- Admin fd84e264-29aa-4481-9d39-f29f660d827a requested transactions with filter TransactionFilterDto(startDate=2025-01-01T00:00, endDate=2025-12-31T23:59, transactionType=TRANSFER, minAmount=50, maxAmount=500, userId=null, cardId=null)
]]></system-out>
  </testcase>
  <testcase name="transfer_shouldSucceed_whenEnoughBalanceAndLimit" classname="com.example.bankcards.service.TransactionServiceTest" time="0.004">
    <system-out><![CDATA[17:08:22.321 [main] INFO com.example.bankcards.service.impl.TransactionServiceImpl -- Attempting transfer of 50 from card 0a05885c-2386-4e21-af1a-eb5f473249e3 to card bd721116-820a-4647-9b9e-70f3e526fbcb by user fd84e264-29aa-4481-9d39-f29f660d827a
17:08:22.321 [main] INFO com.example.bankcards.service.impl.TransactionServiceImpl -- Validating access to card 0a05885c-2386-4e21-af1a-eb5f473249e3 for user fd84e264-29aa-4481-9d39-f29f660d827a
17:08:22.321 [main] INFO com.example.bankcards.service.impl.TransactionServiceImpl -- Validating access to card bd721116-820a-4647-9b9e-70f3e526fbcb for user fd84e264-29aa-4481-9d39-f29f660d827a
17:08:22.321 [main] INFO com.example.bankcards.service.impl.TransactionServiceImpl -- Validating limits for card 0a05885c-2386-4e21-af1a-eb5f473249e3 and amount 50
17:08:22.322 [main] INFO com.example.bankcards.service.impl.TransactionServiceImpl -- Card 0a05885c-2386-4e21-af1a-eb5f473249e3 daily spent: 0, monthly spent: 0
17:08:22.322 [main] INFO com.example.bankcards.service.impl.TransactionServiceImpl -- Saved 2 card(s) to repository
17:08:22.322 [main] INFO com.example.bankcards.service.impl.TransactionServiceImpl -- Transfer successful: 50 transferred from card 0a05885c-2386-4e21-af1a-eb5f473249e3 to card bd721116-820a-4647-9b9e-70f3e526fbcb
]]></system-out>
  </testcase>
</testsuite>